<?xml version="1.0" encoding="UTF-8"?>
<!-- Generated by org.testng.reporters.JUnitXMLReporter -->
<testsuite ignored="0" hostname="ip-10-64-253-203.ec2.internal" failures="0" tests="2" name="Default test" time="70.932" errors="0" timestamp="2024-01-22T09:05:04 PST">
  <testcase classname="TestCases.ProductPageTestCases" name="selectingDropboxOption" time="4.602"/>
  <testcase classname="TestCases.ProductPageTestCases" name="checkBurgerBtnOptions" time="52.983"/>
</testsuite> <!-- Default test -->
