<?xml version="1.0" encoding="UTF-8"?>
<!-- Generated by org.testng.reporters.JUnitXMLReporter -->
<testsuite ignored="0" hostname="ip-10-64-239-106.ec2.internal" failures="0" tests="3" name="Default test" time="48.205" errors="0" timestamp="2024-01-02T22:00:17 PST">
  <testcase classname="TestCases.ProductPageTestCases" name="selectingDropboxOption" time="4.612"/>
  <testcase classname="TestCases.ProductPageTestCases" name="checkTextandLink" time="21.67"/>
  <testcase classname="TestCases.ProductPageTestCases" name="addToCartMutipleItems" time="12.79"/>
</testsuite> <!-- Default test -->
