<?xml version="1.0" encoding="UTF-8"?>
<testng-results ignored="0" total="3" passed="3" failed="0" skipped="0">
  <reporter-output>
  </reporter-output>
  <suite started-at="2024-01-02T21:59:28 PST" name="Default suite" finished-at="2024-01-02T22:00:17 PST" duration-ms="48205">
    <groups>
    </groups>
    <test started-at="2024-01-02T21:59:28 PST" name="Default test" finished-at="2024-01-02T22:00:17 PST" duration-ms="48205">
      <class name="TestCases.ProductPageTestCases">
        <test-method is-config="true" signature="setUp()[pri:0, instance:TestCases.ProductPageTestCases@659a969b]" started-at="2024-01-02T21:59:28 PST" name="setUp" finished-at="2024-01-02T21:59:37 PST" duration-ms="8843" status="PASS">
          <reporter-output>
          </reporter-output>
        </test-method> <!-- setUp -->
        <test-method signature="selectingDropboxOption()[pri:1, instance:TestCases.ProductPageTestCases@659a969b]" started-at="2024-01-02T21:59:37 PST" name="selectingDropboxOption" description="Login and Selecting the Item name AtoZ or ZtoA / Price LtoH or HtoL option from dropbox" finished-at="2024-01-02T21:59:42 PST" duration-ms="4612" status="PASS">
          <reporter-output>
          </reporter-output>
        </test-method> <!-- selectingDropboxOption -->
        <test-method signature="checkTextandLink()[pri:2, instance:TestCases.ProductPageTestCases@659a969b]" started-at="2024-01-02T21:59:42 PST" name="checkTextandLink" finished-at="2024-01-02T22:00:03 PST" depends-on-methods="TestCases.ProductPageTestCases.selectingDropboxOption" duration-ms="21670" status="PASS">
          <reporter-output>
          </reporter-output>
        </test-method> <!-- checkTextandLink -->
        <test-method signature="addToCartMutipleItems()[pri:3, instance:TestCases.ProductPageTestCases@659a969b]" started-at="2024-01-02T22:00:04 PST" name="addToCartMutipleItems" finished-at="2024-01-02T22:00:16 PST" depends-on-methods="TestCases.ProductPageTestCases.selectingDropboxOption" duration-ms="12790" status="PASS">
          <reporter-output>
          </reporter-output>
        </test-method> <!-- addToCartMutipleItems -->
        <test-method is-config="true" signature="done()[pri:0, instance:TestCases.ProductPageTestCases@659a969b]" started-at="2024-01-02T22:00:16 PST" name="done" finished-at="2024-01-02T22:00:17 PST" duration-ms="232" status="PASS">
          <reporter-output>
          </reporter-output>
        </test-method> <!-- done -->
      </class> <!-- TestCases.ProductPageTestCases -->
    </test> <!-- Default test -->
  </suite> <!-- Default suite -->
</testng-results>
