<?xml version="1.0" encoding="UTF-8"?>
<testng-results ignored="0" total="2" passed="2" failed="0" skipped="0">
  <reporter-output>
  </reporter-output>
  <suite started-at="2024-01-22T09:03:53 PST" name="Default suite" finished-at="2024-01-22T09:05:03 PST" duration-ms="70932">
    <groups>
    </groups>
    <test started-at="2024-01-22T09:03:53 PST" name="Default test" finished-at="2024-01-22T09:05:03 PST" duration-ms="70932">
      <class name="TestCases.ProductPageTestCases">
        <test-method is-config="true" signature="setUp()[pri:0, instance:TestCases.ProductPageTestCases@6fe7aac8]" started-at="2024-01-22T09:03:53 PST" name="setUp" finished-at="2024-01-22T09:04:06 PST" duration-ms="13122" status="PASS">
          <reporter-output>
          </reporter-output>
        </test-method> <!-- setUp -->
        <test-method signature="selectingDropboxOption()[pri:1, instance:TestCases.ProductPageTestCases@6fe7aac8]" started-at="2024-01-22T09:04:06 PST" name="selectingDropboxOption" description="Login and Selecting the Item name AtoZ or ZtoA / Price LtoH or HtoL option from dropbox" finished-at="2024-01-22T09:04:10 PST" duration-ms="4602" status="PASS">
          <reporter-output>
          </reporter-output>
        </test-method> <!-- selectingDropboxOption -->
        <test-method signature="checkBurgerBtnOptions()[pri:2, instance:TestCases.ProductPageTestCases@6fe7aac8]" started-at="2024-01-22T09:04:10 PST" name="checkBurgerBtnOptions" finished-at="2024-01-22T09:05:03 PST" depends-on-methods="TestCases.ProductPageTestCases.selectingDropboxOption" duration-ms="52983" status="PASS">
          <reporter-output>
          </reporter-output>
        </test-method> <!-- checkBurgerBtnOptions -->
        <test-method is-config="true" signature="done()[pri:0, instance:TestCases.ProductPageTestCases@6fe7aac8]" started-at="2024-01-22T09:05:03 PST" name="done" finished-at="2024-01-22T09:05:03 PST" duration-ms="182" status="PASS">
          <reporter-output>
          </reporter-output>
        </test-method> <!-- done -->
      </class> <!-- TestCases.ProductPageTestCases -->
    </test> <!-- Default test -->
  </suite> <!-- Default suite -->
</testng-results>
